This file contains any messages produced by compilers while
running configure, to aid debugging if configure makes a mistake.

It was created by footpath configure 1.0, which was
generated by GNU Autoconf 2.63.  Invocation command line was

  $ ./configure --prefix=/usr

## --------- ##
## Platform. ##
## --------- ##

hostname = localhost.localdomain
uname -m = x86_64
uname -r = 2.6.32-431.el6.x86_64
uname -s = Linux
uname -v = #1 SMP Fri Nov 22 03:15:09 UTC 2013

/usr/bin/uname -p = unknown
/bin/uname -X     = unknown

/bin/arch              = x86_64
/usr/bin/arch -k       = unknown
/usr/convex/getsysinfo = unknown
/usr/bin/hostinfo      = unknown
/bin/machine           = unknown
/usr/bin/oslevel       = unknown
/bin/universe          = unknown

PATH: /usr/lib64/qt-3.3/bin
PATH: /usr/local/sbin
PATH: /usr/local/bin
PATH: /sbin
PATH: /bin
PATH: /usr/sbin
PATH: /usr/bin
PATH: /opt/ibutils/bin
PATH: /root/bin


## ----------- ##
## Core tests. ##
## ----------- ##

configure:2082: checking for a BSD-compatible install
configure:2150: result: /usr/bin/install -c
configure:2161: checking whether build environment is sane
configure:2221: result: yes
configure:2362: checking for a thread-safe mkdir -p
configure:2401: result: /bin/mkdir -p
configure:2414: checking for gawk
configure:2430: found /bin/gawk
configure:2441: result: gawk
configure:2452: checking whether make sets $(MAKE)
configure:2474: result: yes
configure:2616: checking for g++
configure:2632: found /usr/bin/g++
configure:2643: result: g++
configure:2670: checking for C++ compiler version
configure:2678: g++ --version >&5
g++ (GCC) 4.4.7 20120313 (Red Hat 4.4.7-4)
Copyright (C) 2010 Free Software Foundation, Inc.
This is free software; see the source for copying conditions.  There is NO
warranty; not even for MERCHANTABILITY or FITNESS FOR A PARTICULAR PURPOSE.

configure:2682: $? = 0
configure:2689: g++ -v >&5
Using built-in specs.
Target: x86_64-redhat-linux
Configured with: ../configure --prefix=/usr --mandir=/usr/share/man --infodir=/usr/share/info --with-bugurl=http://bugzilla.redhat.com/bugzilla --enable-bootstrap --enable-shared --enable-threads=posix --enable-checking=release --with-system-zlib --enable-__cxa_atexit --disable-libunwind-exceptions --enable-gnu-unique-object --enable-languages=c,c++,objc,obj-c++,java,fortran,ada --enable-java-awt=gtk --disable-dssi --with-java-home=/usr/lib/jvm/java-1.5.0-gcj-1.5.0.0/jre --enable-libgcj-multifile --enable-java-maintainer-mode --with-ecj-jar=/usr/share/java/eclipse-ecj.jar --disable-libjava-multilib --with-ppl --with-cloog --with-tune=generic --with-arch_32=i686 --build=x86_64-redhat-linux
Thread model: posix
gcc version 4.4.7 20120313 (Red Hat 4.4.7-4) (GCC) 
configure:2693: $? = 0
configure:2700: g++ -V >&5
g++: '-V' option must have argument
configure:2704: $? = 1
configure:2727: checking for C++ compiler default output file name
configure:2749: g++    conftest.cpp  >&5
configure:2753: $? = 0
configure:2791: result: a.out
configure:2810: checking whether the C++ compiler works
configure:2820: ./a.out
configure:2824: $? = 0
configure:2843: result: yes
configure:2850: checking whether we are cross compiling
configure:2852: result: no
configure:2855: checking for suffix of executables
configure:2862: g++ -o conftest    conftest.cpp  >&5
configure:2866: $? = 0
configure:2892: result: 
configure:2898: checking for suffix of object files
configure:2924: g++ -c   conftest.cpp >&5
configure:2928: $? = 0
configure:2953: result: o
configure:2957: checking whether we are using the GNU C++ compiler
configure:2986: g++ -c   conftest.cpp >&5
configure:2993: $? = 0
configure:3010: result: yes
configure:3019: checking whether g++ accepts -g
configure:3049: g++ -c -g  conftest.cpp >&5
configure:3056: $? = 0
configure:3157: result: yes
configure:3191: checking for style of include used by make
configure:3219: result: GNU
configure:3244: checking dependency style of g++
configure:3354: result: gcc3
configure:3400: checking build system type
configure:3418: result: x86_64-unknown-linux-gnu
configure:3440: checking host system type
configure:3455: result: x86_64-unknown-linux-gnu
configure:3525: checking for gcc
configure:3541: found /usr/bin/gcc
configure:3552: result: gcc
configure:3784: checking for C compiler version
configure:3792: gcc --version >&5
gcc (GCC) 4.4.7 20120313 (Red Hat 4.4.7-4)
Copyright (C) 2010 Free Software Foundation, Inc.
This is free software; see the source for copying conditions.  There is NO
warranty; not even for MERCHANTABILITY or FITNESS FOR A PARTICULAR PURPOSE.

configure:3796: $? = 0
configure:3803: gcc -v >&5
Using built-in specs.
Target: x86_64-redhat-linux
Configured with: ../configure --prefix=/usr --mandir=/usr/share/man --infodir=/usr/share/info --with-bugurl=http://bugzilla.redhat.com/bugzilla --enable-bootstrap --enable-shared --enable-threads=posix --enable-checking=release --with-system-zlib --enable-__cxa_atexit --disable-libunwind-exceptions --enable-gnu-unique-object --enable-languages=c,c++,objc,obj-c++,java,fortran,ada --enable-java-awt=gtk --disable-dssi --with-java-home=/usr/lib/jvm/java-1.5.0-gcj-1.5.0.0/jre --enable-libgcj-multifile --enable-java-maintainer-mode --with-ecj-jar=/usr/share/java/eclipse-ecj.jar --disable-libjava-multilib --with-ppl --with-cloog --with-tune=generic --with-arch_32=i686 --build=x86_64-redhat-linux
Thread model: posix
gcc version 4.4.7 20120313 (Red Hat 4.4.7-4) (GCC) 
configure:3807: $? = 0
configure:3814: gcc -V >&5
gcc: '-V' option must have argument
configure:3818: $? = 1
configure:3821: checking whether we are using the GNU C compiler
configure:3850: gcc -c   conftest.c >&5
configure:3857: $? = 0
configure:3874: result: yes
configure:3883: checking whether gcc accepts -g
configure:3913: gcc -c -g  conftest.c >&5
configure:3920: $? = 0
configure:4021: result: yes
configure:4038: checking for gcc option to accept ISO C89
configure:4112: gcc  -c -g -O2  conftest.c >&5
configure:4119: $? = 0
configure:4142: result: none needed
configure:4162: checking dependency style of gcc
configure:4272: result: gcc3
configure:4287: checking for a sed that does not truncate output
configure:4353: result: /bin/sed
configure:4371: checking for grep that handles long lines and -e
configure:4431: result: /bin/grep
configure:4436: checking for egrep
configure:4500: result: /bin/grep -E
configure:4505: checking for fgrep
configure:4569: result: /bin/grep -F
configure:4604: checking for ld used by gcc
configure:4671: result: /usr/bin/ld
configure:4680: checking if the linker (/usr/bin/ld) is GNU ld
configure:4695: result: yes
configure:4707: checking for BSD- or MS-compatible name lister (nm)
configure:4756: result: /usr/bin/nm -B
configure:4874: checking the name lister (/usr/bin/nm -B) interface
configure:4881: gcc -c -g -O2  conftest.c >&5
configure:4884: /usr/bin/nm -B "conftest.o"
configure:4887: output
0000000000000000 B some_variable
configure:4894: result: BSD nm
configure:4897: checking whether ln -s works
configure:4901: result: yes
configure:4909: checking the maximum length of command line arguments
configure:5029: result: 1966080
configure:5046: checking whether the shell understands some XSI constructs
configure:5056: result: yes
configure:5060: checking whether the shell understands "+="
configure:5066: result: yes
configure:5101: checking for /usr/bin/ld option to reload object files
configure:5108: result: -r
configure:5177: checking for objdump
configure:5193: found /usr/bin/objdump
configure:5204: result: objdump
configure:5236: checking how to recognize dependent libraries
configure:5432: result: pass_all
configure:5492: checking for ar
configure:5508: found /usr/bin/ar
configure:5519: result: ar
configure:5597: checking for strip
configure:5613: found /usr/bin/strip
configure:5624: result: strip
configure:5696: checking for ranlib
configure:5712: found /usr/bin/ranlib
configure:5723: result: ranlib
configure:5813: checking command to parse /usr/bin/nm -B output from gcc object
configure:5931: gcc -c -g -O2  conftest.c >&5
configure:5934: $? = 0
configure:5938: /usr/bin/nm -B conftest.o \| sed -n -e 's/^.*[	 ]\([ABCDGIRSTW][ABCDGIRSTW]*\)[	 ][	 ]*\([_A-Za-z][_A-Za-z0-9]*\)$/\1 \2 \2/p' \> conftest.nm
configure:5941: $? = 0
configure:5995: gcc -o conftest -g -O2   conftest.c conftstm.o >&5
configure:5998: $? = 0
configure:6036: result: ok
configure:6132: gcc -c -g -O2  conftest.c >&5
configure:6135: $? = 0
configure:6903: checking how to run the C preprocessor
configure:6943: gcc -E  conftest.c
configure:6950: $? = 0
configure:6981: gcc -E  conftest.c
conftest.c:10:28: error: ac_nonexistent.h: No such file or directory
configure:6988: $? = 1
configure: failed program was:
| /* confdefs.h.  */
| #define PACKAGE_NAME "footpath"
| #define PACKAGE_TARNAME "footpath"
| #define PACKAGE_VERSION "1.0"
| #define PACKAGE_STRING "footpath 1.0"
| #define PACKAGE_BUGREPORT "liangpan180@163.com"
| #define PACKAGE "footpath"
| #define VERSION "1.0"
| /* end confdefs.h.  */
| #include <ac_nonexistent.h>
configure:7021: result: gcc -E
configure:7050: gcc -E  conftest.c
configure:7057: $? = 0
configure:7088: gcc -E  conftest.c
conftest.c:10:28: error: ac_nonexistent.h: No such file or directory
configure:7095: $? = 1
configure: failed program was:
| /* confdefs.h.  */
| #define PACKAGE_NAME "footpath"
| #define PACKAGE_TARNAME "footpath"
| #define PACKAGE_VERSION "1.0"
| #define PACKAGE_STRING "footpath 1.0"
| #define PACKAGE_BUGREPORT "liangpan180@163.com"
| #define PACKAGE "footpath"
| #define VERSION "1.0"
| /* end confdefs.h.  */
| #include <ac_nonexistent.h>
configure:7135: checking for ANSI C header files
configure:7165: gcc -c -g -O2  conftest.c >&5
configure:7172: $? = 0
configure:7271: gcc -o conftest -g -O2   conftest.c  >&5
configure:7275: $? = 0
configure:7281: ./conftest
configure:7285: $? = 0
configure:7303: result: yes
configure:7327: checking for sys/types.h
configure:7348: gcc -c -g -O2  conftest.c >&5
configure:7355: $? = 0
configure:7372: result: yes
configure:7327: checking for sys/stat.h
configure:7348: gcc -c -g -O2  conftest.c >&5
configure:7355: $? = 0
configure:7372: result: yes
configure:7327: checking for stdlib.h
configure:7348: gcc -c -g -O2  conftest.c >&5
configure:7355: $? = 0
configure:7372: result: yes
configure:7327: checking for string.h
configure:7348: gcc -c -g -O2  conftest.c >&5
configure:7355: $? = 0
configure:7372: result: yes
configure:7327: checking for memory.h
configure:7348: gcc -c -g -O2  conftest.c >&5
configure:7355: $? = 0
configure:7372: result: yes
configure:7327: checking for strings.h
configure:7348: gcc -c -g -O2  conftest.c >&5
configure:7355: $? = 0
configure:7372: result: yes
configure:7327: checking for inttypes.h
configure:7348: gcc -c -g -O2  conftest.c >&5
configure:7355: $? = 0
configure:7372: result: yes
configure:7327: checking for stdint.h
configure:7348: gcc -c -g -O2  conftest.c >&5
configure:7355: $? = 0
configure:7372: result: yes
configure:7327: checking for unistd.h
configure:7348: gcc -c -g -O2  conftest.c >&5
configure:7355: $? = 0
configure:7372: result: yes
configure:7390: checking for dlfcn.h
configure:7411: gcc -c -g -O2  conftest.c >&5
configure:7418: $? = 0
configure:7435: result: yes
configure:7562: checking for C++ compiler version
configure:7570: g++ --version >&5
g++ (GCC) 4.4.7 20120313 (Red Hat 4.4.7-4)
Copyright (C) 2010 Free Software Foundation, Inc.
This is free software; see the source for copying conditions.  There is NO
warranty; not even for MERCHANTABILITY or FITNESS FOR A PARTICULAR PURPOSE.

configure:7574: $? = 0
configure:7581: g++ -v >&5
Using built-in specs.
Target: x86_64-redhat-linux
Configured with: ../configure --prefix=/usr --mandir=/usr/share/man --infodir=/usr/share/info --with-bugurl=http://bugzilla.redhat.com/bugzilla --enable-bootstrap --enable-shared --enable-threads=posix --enable-checking=release --with-system-zlib --enable-__cxa_atexit --disable-libunwind-exceptions --enable-gnu-unique-object --enable-languages=c,c++,objc,obj-c++,java,fortran,ada --enable-java-awt=gtk --disable-dssi --with-java-home=/usr/lib/jvm/java-1.5.0-gcj-1.5.0.0/jre --enable-libgcj-multifile --enable-java-maintainer-mode --with-ecj-jar=/usr/share/java/eclipse-ecj.jar --disable-libjava-multilib --with-ppl --with-cloog --with-tune=generic --with-arch_32=i686 --build=x86_64-redhat-linux
Thread model: posix
gcc version 4.4.7 20120313 (Red Hat 4.4.7-4) (GCC) 
configure:7585: $? = 0
configure:7592: g++ -V >&5
g++: '-V' option must have argument
configure:7596: $? = 1
configure:7599: checking whether we are using the GNU C++ compiler
configure:7652: result: yes
configure:7661: checking whether g++ accepts -g
configure:7799: result: yes
configure:7824: checking dependency style of g++
configure:7934: result: gcc3
configure:7957: checking how to run the C++ preprocessor
configure:7993: g++ -E  conftest.cpp
configure:8000: $? = 0
configure:8031: g++ -E  conftest.cpp
conftest.cpp:21:28: error: ac_nonexistent.h: No such file or directory
configure:8038: $? = 1
configure: failed program was:
| /* confdefs.h.  */
| #define PACKAGE_NAME "footpath"
| #define PACKAGE_TARNAME "footpath"
| #define PACKAGE_VERSION "1.0"
| #define PACKAGE_STRING "footpath 1.0"
| #define PACKAGE_BUGREPORT "liangpan180@163.com"
| #define PACKAGE "footpath"
| #define VERSION "1.0"
| #define STDC_HEADERS 1
| #define HAVE_SYS_TYPES_H 1
| #define HAVE_SYS_STAT_H 1
| #define HAVE_STDLIB_H 1
| #define HAVE_STRING_H 1
| #define HAVE_MEMORY_H 1
| #define HAVE_STRINGS_H 1
| #define HAVE_INTTYPES_H 1
| #define HAVE_STDINT_H 1
| #define HAVE_UNISTD_H 1
| #define HAVE_DLFCN_H 1
| /* end confdefs.h.  */
| #include <ac_nonexistent.h>
configure:8071: result: g++ -E
configure:8100: g++ -E  conftest.cpp
configure:8107: $? = 0
configure:8138: g++ -E  conftest.cpp
conftest.cpp:21:28: error: ac_nonexistent.h: No such file or directory
configure:8145: $? = 1
configure: failed program was:
| /* confdefs.h.  */
| #define PACKAGE_NAME "footpath"
| #define PACKAGE_TARNAME "footpath"
| #define PACKAGE_VERSION "1.0"
| #define PACKAGE_STRING "footpath 1.0"
| #define PACKAGE_BUGREPORT "liangpan180@163.com"
| #define PACKAGE "footpath"
| #define VERSION "1.0"
| #define STDC_HEADERS 1
| #define HAVE_SYS_TYPES_H 1
| #define HAVE_SYS_STAT_H 1
| #define HAVE_STDLIB_H 1
| #define HAVE_STRING_H 1
| #define HAVE_MEMORY_H 1
| #define HAVE_STRINGS_H 1
| #define HAVE_INTTYPES_H 1
| #define HAVE_STDINT_H 1
| #define HAVE_UNISTD_H 1
| #define HAVE_DLFCN_H 1
| /* end confdefs.h.  */
| #include <ac_nonexistent.h>
configure:8359: checking for objdir
configure:8374: result: .libs
configure:8666: checking if gcc supports -fno-rtti -fno-exceptions
configure:8684: gcc -c -g -O2  -fno-rtti -fno-exceptions conftest.c >&5
cc1: warning: command line option "-fno-rtti" is valid for C++/ObjC++ but not for C
configure:8688: $? = 0
configure:8701: result: no
configure:8721: checking for gcc option to produce PIC
configure:8993: result: -fPIC -DPIC
configure:9005: checking if gcc PIC flag -fPIC -DPIC works
configure:9023: gcc -c -g -O2  -fPIC -DPIC -DPIC conftest.c >&5
configure:9027: $? = 0
configure:9040: result: yes
configure:9064: checking if gcc static flag -static works
configure:9092: result: no
configure:9107: checking if gcc supports -c -o file.o
configure:9128: gcc -c -g -O2  -o out/conftest2.o conftest.c >&5
configure:9132: $? = 0
configure:9154: result: yes
configure:9162: checking if gcc supports -c -o file.o
configure:9209: result: yes
configure:9242: checking whether the gcc linker (/usr/bin/ld -m elf_x86_64) supports shared libraries
configure:10316: result: yes
configure:10353: checking whether -lc should be explicitly linked in
configure:10358: gcc -c -g -O2  conftest.c >&5
configure:10361: $? = 0
configure:10376: gcc -shared conftest.o  -v -Wl,-soname -Wl,conftest -o conftest 2\>\&1 \| /bin/grep  -lc  \>/dev/null 2\>\&1
configure:10379: $? = 0
configure:10391: result: no
configure:10555: checking dynamic linker characteristics
configure:10998: gcc -o conftest -g -O2   -Wl,-rpath -Wl,/foo conftest.c  >&5
configure:11005: $? = 0
configure:11241: result: GNU/Linux ld.so
configure:11343: checking how to hardcode library paths into programs
configure:11368: result: immediate
configure:12201: checking whether stripping libraries is possible
configure:12206: result: yes
configure:12241: checking if libtool supports shared libraries
configure:12243: result: yes
configure:12246: checking whether to build shared libraries
configure:12267: result: yes
configure:12270: checking whether to build static libraries
configure:12274: result: yes
configure:12424: checking for ld used by g++
configure:12491: result: /usr/bin/ld -m elf_x86_64
configure:12500: checking if the linker (/usr/bin/ld -m elf_x86_64) is GNU ld
configure:12515: result: yes
configure:12570: checking whether the g++ linker (/usr/bin/ld -m elf_x86_64) supports shared libraries
configure:13545: result: yes
configure:13573: g++ -c -g -O2  conftest.cpp >&5
configure:13576: $? = 0
configure:13758: checking for g++ option to produce PIC
configure:14075: result: -fPIC -DPIC
configure:14084: checking if g++ PIC flag -fPIC -DPIC works
configure:14102: g++ -c -g -O2  -fPIC -DPIC -DPIC conftest.cpp >&5
configure:14106: $? = 0
configure:14119: result: yes
configure:14140: checking if g++ static flag -static works
configure:14168: result: no
configure:14180: checking if g++ supports -c -o file.o
configure:14201: g++ -c -g -O2  -o out/conftest2.o conftest.cpp >&5
configure:14205: $? = 0
configure:14227: result: yes
configure:14232: checking if g++ supports -c -o file.o
configure:14279: result: yes
configure:14309: checking whether the g++ linker (/usr/bin/ld -m elf_x86_64) supports shared libraries
configure:14335: result: yes
configure:14472: checking dynamic linker characteristics
configure:14863: g++ -o conftest -g -O2   -Wl,-rpath -Wl,/foo conftest.cpp  >&5
configure:14870: $? = 0
configure:15106: result: GNU/Linux ld.so
configure:15157: checking how to hardcode library paths into programs
configure:15182: result: immediate
configure:15288: checking for gcc
configure:15315: result: gcc
configure:15547: checking for C compiler version
configure:15555: gcc --version >&5
gcc (GCC) 4.4.7 20120313 (Red Hat 4.4.7-4)
Copyright (C) 2010 Free Software Foundation, Inc.
This is free software; see the source for copying conditions.  There is NO
warranty; not even for MERCHANTABILITY or FITNESS FOR A PARTICULAR PURPOSE.

configure:15559: $? = 0
configure:15566: gcc -v >&5
Using built-in specs.
Target: x86_64-redhat-linux
Configured with: ../configure --prefix=/usr --mandir=/usr/share/man --infodir=/usr/share/info --with-bugurl=http://bugzilla.redhat.com/bugzilla --enable-bootstrap --enable-shared --enable-threads=posix --enable-checking=release --with-system-zlib --enable-__cxa_atexit --disable-libunwind-exceptions --enable-gnu-unique-object --enable-languages=c,c++,objc,obj-c++,java,fortran,ada --enable-java-awt=gtk --disable-dssi --with-java-home=/usr/lib/jvm/java-1.5.0-gcj-1.5.0.0/jre --enable-libgcj-multifile --enable-java-maintainer-mode --with-ecj-jar=/usr/share/java/eclipse-ecj.jar --disable-libjava-multilib --with-ppl --with-cloog --with-tune=generic --with-arch_32=i686 --build=x86_64-redhat-linux
Thread model: posix
gcc version 4.4.7 20120313 (Red Hat 4.4.7-4) (GCC) 
configure:15570: $? = 0
configure:15577: gcc -V >&5
gcc: '-V' option must have argument
configure:15581: $? = 1
configure:15584: checking whether we are using the GNU C compiler
configure:15637: result: yes
configure:15646: checking whether gcc accepts -g
configure:15784: result: yes
configure:15801: checking for gcc option to accept ISO C89
configure:15905: result: none needed
configure:15925: checking dependency style of gcc
configure:16035: result: gcc3
configure:16059: checking for stdlib.h
configure:16066: result: yes
configure:16393: creating ./config.status

## ---------------------- ##
## Running config.status. ##
## ---------------------- ##

This file was extended by footpath config.status 1.0, which was
generated by GNU Autoconf 2.63.  Invocation command line was

  CONFIG_FILES    = 
  CONFIG_HEADERS  = 
  CONFIG_LINKS    = 
  CONFIG_COMMANDS = 
  $ ./config.status 

on localhost.localdomain

config.status:968: creating Makefile
config.status:968: creating src/Makefile
config.status:968: creating utils/Makefile
config.status:1179: executing depfiles commands
config.status:1179: executing libtool commands

## ---------------- ##
## Cache variables. ##
## ---------------- ##

ac_cv_build=x86_64-unknown-linux-gnu
ac_cv_c_compiler_gnu=yes
ac_cv_cxx_compiler_gnu=yes
ac_cv_env_CCC_set=
ac_cv_env_CCC_value=
ac_cv_env_CC_set=
ac_cv_env_CC_value=
ac_cv_env_CFLAGS_set=
ac_cv_env_CFLAGS_value=
ac_cv_env_CPPFLAGS_set=
ac_cv_env_CPPFLAGS_value=
ac_cv_env_CPP_set=
ac_cv_env_CPP_value=
ac_cv_env_CXXCPP_set=
ac_cv_env_CXXCPP_value=
ac_cv_env_CXXFLAGS_set=
ac_cv_env_CXXFLAGS_value=
ac_cv_env_CXX_set=
ac_cv_env_CXX_value=
ac_cv_env_LDFLAGS_set=
ac_cv_env_LDFLAGS_value=
ac_cv_env_LIBS_set=
ac_cv_env_LIBS_value=
ac_cv_env_build_alias_set=
ac_cv_env_build_alias_value=
ac_cv_env_host_alias_set=
ac_cv_env_host_alias_value=
ac_cv_env_target_alias_set=
ac_cv_env_target_alias_value=
ac_cv_header_dlfcn_h=yes
ac_cv_header_inttypes_h=yes
ac_cv_header_memory_h=yes
ac_cv_header_stdc=yes
ac_cv_header_stdint_h=yes
ac_cv_header_stdlib_h=yes
ac_cv_header_string_h=yes
ac_cv_header_strings_h=yes
ac_cv_header_sys_stat_h=yes
ac_cv_header_sys_types_h=yes
ac_cv_header_unistd_h=yes
ac_cv_host=x86_64-unknown-linux-gnu
ac_cv_objext=o
ac_cv_path_EGREP='/bin/grep -E'
ac_cv_path_FGREP='/bin/grep -F'
ac_cv_path_GREP=/bin/grep
ac_cv_path_SED=/bin/sed
ac_cv_path_install='/usr/bin/install -c'
ac_cv_path_mkdir=/bin/mkdir
ac_cv_prog_AWK=gawk
ac_cv_prog_CPP='gcc -E'
ac_cv_prog_CXXCPP='g++ -E'
ac_cv_prog_ac_ct_AR=ar
ac_cv_prog_ac_ct_CC=gcc
ac_cv_prog_ac_ct_CXX=g++
ac_cv_prog_ac_ct_OBJDUMP=objdump
ac_cv_prog_ac_ct_RANLIB=ranlib
ac_cv_prog_ac_ct_STRIP=strip
ac_cv_prog_cc_c89=
ac_cv_prog_cc_g=yes
ac_cv_prog_cxx_g=yes
ac_cv_prog_make_make_set=yes
am_cv_CC_dependencies_compiler_type=gcc3
am_cv_CXX_dependencies_compiler_type=gcc3
lt_cv_deplibs_check_method=pass_all
lt_cv_file_magic_cmd='$MAGIC_CMD'
lt_cv_file_magic_test_file=
lt_cv_ld_reload_flag=-r
lt_cv_nm_interface='BSD nm'
lt_cv_objdir=.libs
lt_cv_path_LD=/usr/bin/ld
lt_cv_path_LDCXX='/usr/bin/ld -m elf_x86_64'
lt_cv_path_NM='/usr/bin/nm -B'
lt_cv_prog_compiler_c_o=yes
lt_cv_prog_compiler_c_o_CXX=yes
lt_cv_prog_compiler_pic_works=yes
lt_cv_prog_compiler_pic_works_CXX=yes
lt_cv_prog_compiler_rtti_exceptions=no
lt_cv_prog_compiler_static_works=no
lt_cv_prog_compiler_static_works_CXX=no
lt_cv_prog_gnu_ld=yes
lt_cv_prog_gnu_ldcxx=yes
lt_cv_sys_global_symbol_pipe='sed -n -e '\''s/^.*[	 ]\([ABCDGIRSTW][ABCDGIRSTW]*\)[	 ][	 ]*\([_A-Za-z][_A-Za-z0-9]*\)$/\1 \2 \2/p'\'''
lt_cv_sys_global_symbol_to_c_name_address='sed -n -e '\''s/^: \([^ ]*\) $/  {\"\1\", (void *) 0},/p'\'' -e '\''s/^[ABCDGIRSTW]* \([^ ]*\) \([^ ]*\)$/  {"\2", (void *) \&\2},/p'\'''
lt_cv_sys_global_symbol_to_c_name_address_lib_prefix='sed -n -e '\''s/^: \([^ ]*\) $/  {\"\1\", (void *) 0},/p'\'' -e '\''s/^[ABCDGIRSTW]* \([^ ]*\) \(lib[^ ]*\)$/  {"\2", (void *) \&\2},/p'\'' -e '\''s/^[ABCDGIRSTW]* \([^ ]*\) \([^ ]*\)$/  {"lib\2", (void *) \&\2},/p'\'''
lt_cv_sys_global_symbol_to_cdecl='sed -n -e '\''s/^T .* \(.*\)$/extern int \1();/p'\'' -e '\''s/^[ABCDGIRSTW]* .* \(.*\)$/extern char \1;/p'\'''
lt_cv_sys_max_cmd_len=1966080

## ----------------- ##
## Output variables. ##
## ----------------- ##

ACLOCAL='${SHELL} /home/github/footpath/missing --run aclocal-1.11'
AMDEPBACKSLASH='\'
AMDEP_FALSE='#'
AMDEP_TRUE=''
AMTAR='${SHELL} /home/github/footpath/missing --run tar'
AR='ar'
AUTOCONF='${SHELL} /home/github/footpath/missing --run autoconf'
AUTOHEADER='${SHELL} /home/github/footpath/missing --run autoheader'
AUTOMAKE='${SHELL} /home/github/footpath/missing --run automake-1.11'
AWK='gawk'
CC='gcc'
CCDEPMODE='depmode=gcc3'
CFLAGS='-g -O2'
CPP='gcc -E'
CPPFLAGS=''
CXX='g++'
CXXCPP='g++ -E'
CXXDEPMODE='depmode=gcc3'
CXXFLAGS='-g -O2'
CYGPATH_W='echo'
DEFS='-DPACKAGE_NAME=\"footpath\" -DPACKAGE_TARNAME=\"footpath\" -DPACKAGE_VERSION=\"1.0\" -DPACKAGE_STRING=\"footpath\ 1.0\" -DPACKAGE_BUGREPORT=\"liangpan180@163.com\" -DPACKAGE=\"footpath\" -DVERSION=\"1.0\" -DSTDC_HEADERS=1 -DHAVE_SYS_TYPES_H=1 -DHAVE_SYS_STAT_H=1 -DHAVE_STDLIB_H=1 -DHAVE_STRING_H=1 -DHAVE_MEMORY_H=1 -DHAVE_STRINGS_H=1 -DHAVE_INTTYPES_H=1 -DHAVE_STDINT_H=1 -DHAVE_UNISTD_H=1 -DHAVE_DLFCN_H=1 -DLT_OBJDIR=\".libs/\" -DHAVE_STDLIB_H=1'
DEPDIR='.deps'
DSYMUTIL=''
DUMPBIN=''
ECHO_C=''
ECHO_N='-n'
ECHO_T=''
EGREP='/bin/grep -E'
EXEEXT=''
FGREP='/bin/grep -F'
GREP='/bin/grep'
INSTALL_DATA='${INSTALL} -m 644'
INSTALL_PROGRAM='${INSTALL}'
INSTALL_SCRIPT='${INSTALL}'
INSTALL_STRIP_PROGRAM='$(install_sh) -c -s'
LD='/usr/bin/ld -m elf_x86_64'
LDFLAGS=''
LIBOBJS=''
LIBS=''
LIBTOOL='$(SHELL) $(top_builddir)/libtool'
LIPO=''
LN_S='ln -s'
LTLIBOBJS=''
MAKEINFO='${SHELL} /home/github/footpath/missing --run makeinfo'
MKDIR_P='/bin/mkdir -p'
NM='/usr/bin/nm -B'
NMEDIT=''
OBJDUMP='objdump'
OBJEXT='o'
OTOOL64=''
OTOOL=''
PACKAGE='footpath'
PACKAGE_BUGREPORT='liangpan180@163.com'
PACKAGE_NAME='footpath'
PACKAGE_STRING='footpath 1.0'
PACKAGE_TARNAME='footpath'
PACKAGE_VERSION='1.0'
PATH_SEPARATOR=':'
RANLIB='ranlib'
SED='/bin/sed'
SET_MAKE=''
SHELL='/bin/sh'
STRIP='strip'
VERSION='1.0'
ac_ct_CC='gcc'
ac_ct_CXX='g++'
ac_ct_DUMPBIN=''
am__EXEEXT_FALSE=''
am__EXEEXT_TRUE='#'
am__fastdepCC_FALSE='#'
am__fastdepCC_TRUE=''
am__fastdepCXX_FALSE='#'
am__fastdepCXX_TRUE=''
am__include='include'
am__isrc=''
am__leading_dot='.'
am__quote=''
am__tar='${AMTAR} chof - "$$tardir"'
am__untar='${AMTAR} xf -'
bindir='${exec_prefix}/bin'
build='x86_64-unknown-linux-gnu'
build_alias=''
build_cpu='x86_64'
build_os='linux-gnu'
build_vendor='unknown'
datadir='${datarootdir}'
datarootdir='${prefix}/share'
docdir='${datarootdir}/doc/${PACKAGE_TARNAME}'
dvidir='${docdir}'
exec_prefix='${prefix}'
host='x86_64-unknown-linux-gnu'
host_alias=''
host_cpu='x86_64'
host_os='linux-gnu'
host_vendor='unknown'
htmldir='${docdir}'
includedir='${prefix}/include'
infodir='${datarootdir}/info'
install_sh='${SHELL} /home/github/footpath/install-sh'
libdir='${exec_prefix}/lib'
libexecdir='${exec_prefix}/libexec'
localedir='${datarootdir}/locale'
localstatedir='${prefix}/var'
lt_ECHO='echo'
mandir='${datarootdir}/man'
mkdir_p='/bin/mkdir -p'
oldincludedir='/usr/include'
pdfdir='${docdir}'
prefix='/usr'
program_transform_name='s,x,x,'
psdir='${docdir}'
sbindir='${exec_prefix}/sbin'
sharedstatedir='${prefix}/com'
sysconfdir='${prefix}/etc'
target_alias=''

## ----------- ##
## confdefs.h. ##
## ----------- ##

#define PACKAGE_NAME "footpath"
#define PACKAGE_TARNAME "footpath"
#define PACKAGE_VERSION "1.0"
#define PACKAGE_STRING "footpath 1.0"
#define PACKAGE_BUGREPORT "liangpan180@163.com"
#define PACKAGE "footpath"
#define VERSION "1.0"
#define STDC_HEADERS 1
#define HAVE_SYS_TYPES_H 1
#define HAVE_SYS_STAT_H 1
#define HAVE_STDLIB_H 1
#define HAVE_STRING_H 1
#define HAVE_MEMORY_H 1
#define HAVE_STRINGS_H 1
#define HAVE_INTTYPES_H 1
#define HAVE_STDINT_H 1
#define HAVE_UNISTD_H 1
#define HAVE_DLFCN_H 1
#define LT_OBJDIR ".libs/"
#define HAVE_STDLIB_H 1

configure: exit 0

## ---------------------- ##
## Running config.status. ##
## ---------------------- ##

This file was extended by footpath config.status 1.0, which was
generated by GNU Autoconf 2.63.  Invocation command line was

  CONFIG_FILES    = 
  CONFIG_HEADERS  = 
  CONFIG_LINKS    = 
  CONFIG_COMMANDS = 
  $ ./config.status Makefile depfiles

on localhost.localdomain

config.status:968: creating Makefile
config.status:1179: executing depfiles commands
